[studio--studio-3359430401-21172.us-central1.hosted.app/index.html]
[studio--studio-3359430401-21172.us-central1.hosted.app/_next/static/media/e4af272ccee01ff0-s.p.woff2]
[studio--studio-3359430401-21172.us-central1.hosted.app/_next/static/css/081a0afca5a9bd20.css]
[studio--studio-3359430401-21172.us-central1.hosted.app/_next/static/css/61598f6d9660d1cd.css]
[studio--studio-3359430401-21172.us-central1.hosted.app/_next/static/chunks/webpack-bf6e813f914eff9c.js]
[studio--studio-3359430401-21172.us-central1.hosted.app/_next/static/chunks/4bd1b696-1c88c00269cf164c.js]
[studio--studio-3359430401-21172.us-central1.hosted.app/_next/static/chunks/255-fa5918c8960e9009.js]
[studio--studio-3359430401-21172.us-central1.hosted.app/_next/static/chunks/main-app-ee49641160f3eedb.js]
[studio--studio-3359430401-21172.us-central1.hosted.app/_next/static/chunks/bc9e92e6-3ccc1a40f5b0a6cc.js]
[studio--studio-3359430401-21172.us-central1.hosted.app/_next/static/chunks/ceb9e9aa-1f6783a827236c3f.js]
[studio--studio-3359430401-21172.us-central1.hosted.app/_next/static/chunks/468-4776042947575d6c.js]
[studio--studio-3359430401-21172.us-central1.hosted.app/_next/static/chunks/368-75da3815cbbdd69f.js]
[studio--studio-3359430401-21172.us-central1.hosted.app/_next/static/chunks/539-b2e1834cbc3acc44.js]
[studio--studio-3359430401-21172.us-central1.hosted.app/_next/static/chunks/782-4daa7bf19e8c52c7.js]
[studio--studio-3359430401-21172.us-central1.hosted.app/_next/static/chunks/771-24618e88ed2ac2a2.js]
[studio--studio-3359430401-21172.us-central1.hosted.app/_next/static/chunks/558-818cbf936ca2f032.js]
[studio--studio-3359430401-21172.us-central1.hosted.app/_next/static/chunks/690-cf36040c896687ce.js]
[studio--studio-3359430401-21172.us-central1.hosted.app/_next/static/chunks/app/layout-802dc0c71fdac426.js]
[studio--studio-3359430401-21172.us-central1.hosted.app/_next/static/chunks/app/page-058c3d6c4a1ae8a0.js]
[studio--studio-3359430401-21172.us-central1.hosted.app/favicon.ico]
[backblue.gif]
[fade.gif]
[index.html]
[studio--studio-3359430401-21172.us-central1.hosted.app/manifest.json]
[studio--studio-3359430401-21172.us-central1.hosted.app/index.html]
[studio--studio-3359430401-21172.us-central1.hosted.app/_next/static/chunks/polyfills-42372ed130431b0a.js]
[studio--studio-3359430401-21172.us-central1.hosted.app/_next/static/media/ba9851c3c22cd980-s.woff2]
[studio--studio-3359430401-21172.us-central1.hosted.app/_next/static/media/21350d82a1f187e9-s.woff2]
[studio--studio-3359430401-21172.us-central1.hosted.app/_next/static/media/c5fe6dc8356a8c31-s.woff2]
[studio--studio-3359430401-21172.us-central1.hosted.app/_next/static/media/19cfc7226ec3afaa-s.woff2]
[studio--studio-3359430401-21172.us-central1.hosted.app/_next/static/media/df0a9ae256c0569c-s.woff2]
[studio--studio-3359430401-21172.us-central1.hosted.app/_next/static/media/8e9860b6e62d6359-s.woff2]
[studio--studio-3359430401-21172.us-central1.hosted.app/_next/static/css/081a0afca5a9bd20.css]
[studio--studio-3359430401-21172.us-central1.hosted.app/_next/static/css/61598f6d9660d1cd.css]
